2021-03-06 05:42:02,275 [restartedMain] INFO  com.gigabytes.ContactAppApplication                - Starting ContactAppApplication using Java 15.0.1 on Ankush with PID 6700 (H:\STS4\ContactApp\target\classes started by Ankush in H:\STS4\ContactApp)
2021-03-06 05:42:02,295 [restartedMain] INFO  com.gigabytes.ContactAppApplication                - No active profile set, falling back to default profiles: default
2021-03-06 05:42:02,637 [restartedMain] INFO  o.s.b.d.e.DevToolsPropertyDefaultsPostProcessor    - Devtools property defaults active! Set 'spring.devtools.add-properties' to 'false' to disable
2021-03-06 05:42:02,639 [restartedMain] INFO  o.s.b.d.e.DevToolsPropertyDefaultsPostProcessor    - For additional web related logging consider setting the 'logging.level.web' property to 'DEBUG'
2021-03-06 05:42:12,522 [restartedMain] INFO  o.s.d.r.c.RepositoryConfigurationDelegate          - Bootstrapping Spring Data JPA repositories in DEFAULT mode.
2021-03-06 05:42:12,767 [restartedMain] INFO  o.s.d.r.c.RepositoryConfigurationDelegate          - Finished Spring Data repository scanning in 219 ms. Found 1 JPA repository interfaces.
2021-03-06 05:42:16,011 [restartedMain] INFO  o.s.b.w.embedded.tomcat.TomcatWebServer            - Tomcat initialized with port(s): 9090 (http)
2021-03-06 05:42:16,089 [restartedMain] INFO  o.apache.coyote.http11.Http11NioProtocol           - Initializing ProtocolHandler ["http-nio-9090"]
2021-03-06 05:42:16,090 [restartedMain] INFO  org.apache.catalina.core.StandardService           - Starting service [Tomcat]
2021-03-06 05:42:16,091 [restartedMain] INFO  org.apache.catalina.core.StandardEngine            - Starting Servlet engine: [Apache Tomcat/9.0.43]
2021-03-06 05:42:16,835 [restartedMain] INFO  o.a.c.c.C.[Tomcat].[localhost].[/]                 - Initializing Spring embedded WebApplicationContext
2021-03-06 05:42:16,836 [restartedMain] INFO  o.s.b.w.s.c.ServletWebServerApplicationContext     - Root WebApplicationContext: initialization completed in 14195 ms
2021-03-06 05:42:17,412 [restartedMain] INFO  com.zaxxer.hikari.HikariDataSource                 - HikariPool-1 - Starting...
2021-03-06 05:42:18,044 [restartedMain] INFO  com.zaxxer.hikari.HikariDataSource                 - HikariPool-1 - Start completed.
2021-03-06 05:42:18,070 [restartedMain] INFO  o.s.b.a.h2.H2ConsoleAutoConfiguration              - H2 console available at '/h2'. Database available at 'jdbc:h2:mem:testdb'
2021-03-06 05:42:19,198 [restartedMain] INFO  o.hibernate.jpa.internal.util.LogHelper            - HHH000204: Processing PersistenceUnitInfo [name: default]
2021-03-06 05:42:19,997 [restartedMain] INFO  org.hibernate.Version                              - HHH000412: Hibernate ORM core version 5.4.28.Final
2021-03-06 05:42:21,297 [restartedMain] INFO  org.hibernate.annotations.common.Version           - HCANN000001: Hibernate Commons Annotations {5.1.2.Final}
2021-03-06 05:42:22,285 [restartedMain] INFO  org.hibernate.dialect.Dialect                      - HHH000400: Using dialect: org.hibernate.dialect.H2Dialect
2021-03-06 05:42:25,510 [restartedMain] INFO  o.h.e.t.j.p.i.JtaPlatformInitiator                 - HHH000490: Using JtaPlatform implementation: [org.hibernate.engine.transaction.jta.platform.internal.NoJtaPlatform]
2021-03-06 05:42:25,543 [restartedMain] INFO  o.s.o.j.LocalContainerEntityManagerFactoryBean     - Initialized JPA EntityManagerFactory for persistence unit 'default'
2021-03-06 05:42:25,705 [restartedMain] INFO  o.s.b.d.a.OptionalLiveReloadServer                 - LiveReload server is running on port 35729
2021-03-06 05:42:26,785 [restartedMain] WARN  o.s.b.w.s.c.AnnotationConfigServletWebServerApplicationContext - Exception encountered during context initialization - cancelling refresh attempt: org.springframework.beans.factory.UnsatisfiedDependencyException: Error creating bean with name 'contactRestController' defined in file [H:\STS4\ContactApp\target\classes\com\gigabytes\controller\ContactRestController.class]: Unsatisfied dependency expressed through constructor parameter 1; nested exception is org.springframework.beans.factory.NoSuchBeanDefinitionException: No qualifying bean of type 'com.gigabytes.props.AppProperties' available: expected at least 1 bean which qualifies as autowire candidate. Dependency annotations: {}
2021-03-06 05:42:26,788 [restartedMain] INFO  o.s.o.j.LocalContainerEntityManagerFactoryBean     - Closing JPA EntityManagerFactory for persistence unit 'default'
2021-03-06 05:42:26,789 [restartedMain] INFO  o.h.t.s.i.SchemaDropperImpl$DelayedDropActionImpl  - HHH000477: Starting delayed evictData of schema as part of SessionFactory shut-down'
2021-03-06 05:42:27,108 [restartedMain] WARN  o.s.b.f.support.DisposableBeanAdapter              - Invocation of destroy method failed on bean with name 'inMemoryDatabaseShutdownExecutor': org.h2.jdbc.JdbcSQLNonTransientConnectionException: Database is already closed (to disable automatic closing at VM shutdown, add ";DB_CLOSE_ON_EXIT=FALSE" to the db URL) [90121-200]
2021-03-06 05:42:27,109 [restartedMain] INFO  com.zaxxer.hikari.HikariDataSource                 - HikariPool-1 - Shutdown initiated...
2021-03-06 05:42:27,115 [restartedMain] INFO  com.zaxxer.hikari.HikariDataSource                 - HikariPool-1 - Shutdown completed.
2021-03-06 05:42:27,121 [restartedMain] INFO  org.apache.catalina.core.StandardService           - Stopping service [Tomcat]
2021-03-06 05:42:27,189 [restartedMain] INFO  o.s.b.a.l.ConditionEvaluationReportLoggingListener - 

Error starting ApplicationContext. To display the conditions report re-run your application with 'debug' enabled.
2021-03-06 05:42:27,434 [restartedMain] ERROR o.s.b.d.LoggingFailureAnalysisReporter             - 

***************************
APPLICATION FAILED TO START
***************************

Description:

Parameter 1 of constructor in com.gigabytes.controller.ContactRestController required a bean of type 'com.gigabytes.props.AppProperties' that could not be found.


Action:

Consider defining a bean of type 'com.gigabytes.props.AppProperties' in your configuration.

2021-03-06 07:38:47,732 [restartedMain] INFO  com.gigabytes.ContactAppApplication                - Starting ContactAppApplication using Java 15.0.1 on Ankush with PID 2184 (H:\STS4\ContactApp\target\classes started by Ankush in H:\STS4\ContactApp)
2021-03-06 07:38:47,757 [restartedMain] INFO  com.gigabytes.ContactAppApplication                - No active profile set, falling back to default profiles: default
2021-03-06 07:38:48,106 [restartedMain] INFO  o.s.b.d.e.DevToolsPropertyDefaultsPostProcessor    - Devtools property defaults active! Set 'spring.devtools.add-properties' to 'false' to disable
2021-03-06 07:38:48,108 [restartedMain] INFO  o.s.b.d.e.DevToolsPropertyDefaultsPostProcessor    - For additional web related logging consider setting the 'logging.level.web' property to 'DEBUG'
2021-03-06 07:38:54,917 [restartedMain] INFO  o.s.d.r.c.RepositoryConfigurationDelegate          - Bootstrapping Spring Data JPA repositories in DEFAULT mode.
2021-03-06 07:38:55,172 [restartedMain] INFO  o.s.d.r.c.RepositoryConfigurationDelegate          - Finished Spring Data repository scanning in 224 ms. Found 1 JPA repository interfaces.
2021-03-06 07:38:58,585 [restartedMain] INFO  o.s.b.w.embedded.tomcat.TomcatWebServer            - Tomcat initialized with port(s): 9090 (http)
2021-03-06 07:38:58,639 [restartedMain] INFO  o.apache.coyote.http11.Http11NioProtocol           - Initializing ProtocolHandler ["http-nio-9090"]
2021-03-06 07:38:58,641 [restartedMain] INFO  org.apache.catalina.core.StandardService           - Starting service [Tomcat]
2021-03-06 07:38:58,642 [restartedMain] INFO  org.apache.catalina.core.StandardEngine            - Starting Servlet engine: [Apache Tomcat/9.0.43]
2021-03-06 07:38:59,439 [restartedMain] INFO  o.a.c.c.C.[Tomcat].[localhost].[/]                 - Initializing Spring embedded WebApplicationContext
2021-03-06 07:38:59,440 [restartedMain] INFO  o.s.b.w.s.c.ServletWebServerApplicationContext     - Root WebApplicationContext: initialization completed in 11330 ms
2021-03-06 07:39:00,060 [restartedMain] INFO  com.zaxxer.hikari.HikariDataSource                 - HikariPool-1 - Starting...
2021-03-06 07:39:00,778 [restartedMain] INFO  com.zaxxer.hikari.HikariDataSource                 - HikariPool-1 - Start completed.
2021-03-06 07:39:00,802 [restartedMain] INFO  o.s.b.a.h2.H2ConsoleAutoConfiguration              - H2 console available at '/h2'. Database available at 'jdbc:h2:mem:testdb'
2021-03-06 07:39:01,767 [restartedMain] INFO  o.hibernate.jpa.internal.util.LogHelper            - HHH000204: Processing PersistenceUnitInfo [name: default]
2021-03-06 07:39:02,485 [restartedMain] INFO  org.hibernate.Version                              - HHH000412: Hibernate ORM core version 5.4.28.Final
2021-03-06 07:39:03,802 [restartedMain] INFO  org.hibernate.annotations.common.Version           - HCANN000001: Hibernate Commons Annotations {5.1.2.Final}
2021-03-06 07:39:04,701 [restartedMain] INFO  org.hibernate.dialect.Dialect                      - HHH000400: Using dialect: org.hibernate.dialect.H2Dialect
2021-03-06 07:39:11,345 [restartedMain] INFO  o.h.e.t.j.p.i.JtaPlatformInitiator                 - HHH000490: Using JtaPlatform implementation: [org.hibernate.engine.transaction.jta.platform.internal.NoJtaPlatform]
2021-03-06 07:39:11,401 [restartedMain] INFO  o.s.o.j.LocalContainerEntityManagerFactoryBean     - Initialized JPA EntityManagerFactory for persistence unit 'default'
2021-03-06 07:39:11,575 [restartedMain] INFO  o.s.b.d.a.OptionalLiveReloadServer                 - LiveReload server is running on port 35729
2021-03-06 07:39:12,777 [restartedMain] WARN  o.s.b.w.s.c.AnnotationConfigServletWebServerApplicationContext - Exception encountered during context initialization - cancelling refresh attempt: org.springframework.beans.factory.UnsatisfiedDependencyException: Error creating bean with name 'contactRestController' defined in file [H:\STS4\ContactApp\target\classes\com\gigabytes\controller\ContactRestController.class]: Unsatisfied dependency expressed through constructor parameter 1; nested exception is org.springframework.beans.factory.NoSuchBeanDefinitionException: No qualifying bean of type 'com.gigabytes.props.AppProperties' available: expected at least 1 bean which qualifies as autowire candidate. Dependency annotations: {}
2021-03-06 07:39:12,779 [restartedMain] INFO  o.s.o.j.LocalContainerEntityManagerFactoryBean     - Closing JPA EntityManagerFactory for persistence unit 'default'
2021-03-06 07:39:12,780 [restartedMain] INFO  o.h.t.s.i.SchemaDropperImpl$DelayedDropActionImpl  - HHH000477: Starting delayed evictData of schema as part of SessionFactory shut-down'
2021-03-06 07:39:13,242 [restartedMain] WARN  o.s.b.f.support.DisposableBeanAdapter              - Invocation of destroy method failed on bean with name 'inMemoryDatabaseShutdownExecutor': org.h2.jdbc.JdbcSQLNonTransientConnectionException: Database is already closed (to disable automatic closing at VM shutdown, add ";DB_CLOSE_ON_EXIT=FALSE" to the db URL) [90121-200]
2021-03-06 07:39:13,244 [restartedMain] INFO  com.zaxxer.hikari.HikariDataSource                 - HikariPool-1 - Shutdown initiated...
2021-03-06 07:39:13,250 [restartedMain] INFO  com.zaxxer.hikari.HikariDataSource                 - HikariPool-1 - Shutdown completed.
2021-03-06 07:39:13,257 [restartedMain] INFO  org.apache.catalina.core.StandardService           - Stopping service [Tomcat]
2021-03-06 07:39:13,676 [restartedMain] INFO  o.s.b.a.l.ConditionEvaluationReportLoggingListener - 

Error starting ApplicationContext. To display the conditions report re-run your application with 'debug' enabled.
2021-03-06 07:39:14,124 [restartedMain] ERROR o.s.b.d.LoggingFailureAnalysisReporter             - 

***************************
APPLICATION FAILED TO START
***************************

Description:

Parameter 1 of constructor in com.gigabytes.controller.ContactRestController required a bean of type 'com.gigabytes.props.AppProperties' that could not be found.


Action:

Consider defining a bean of type 'com.gigabytes.props.AppProperties' in your configuration.

