2021-03-02 07:23:24,016 [restartedMain] INFO  com.gigabytes.ContactAppApplication                - Starting ContactAppApplication using Java 15.0.1 on Ankush with PID 5684 (H:\STS4\ContactApp\target\classes started by Ankush in H:\STS4\ContactApp)
2021-03-02 07:23:24,026 [restartedMain] INFO  com.gigabytes.ContactAppApplication                - No active profile set, falling back to default profiles: default
2021-03-02 07:23:24,266 [restartedMain] INFO  o.s.b.d.e.DevToolsPropertyDefaultsPostProcessor    - Devtools property defaults active! Set 'spring.devtools.add-properties' to 'false' to disable
2021-03-02 07:23:24,268 [restartedMain] INFO  o.s.b.d.e.DevToolsPropertyDefaultsPostProcessor    - For additional web related logging consider setting the 'logging.level.web' property to 'DEBUG'
2021-03-02 07:23:29,653 [restartedMain] INFO  o.s.d.r.c.RepositoryConfigurationDelegate          - Bootstrapping Spring Data JPA repositories in DEFAULT mode.
2021-03-02 07:23:29,887 [restartedMain] INFO  o.s.d.r.c.RepositoryConfigurationDelegate          - Finished Spring Data repository scanning in 209 ms. Found 1 JPA repository interfaces.
2021-03-02 07:23:35,466 [restartedMain] INFO  o.s.b.w.embedded.tomcat.TomcatWebServer            - Tomcat initialized with port(s): 9090 (http)
2021-03-02 07:23:35,519 [restartedMain] INFO  o.apache.coyote.http11.Http11NioProtocol           - Initializing ProtocolHandler ["http-nio-9090"]
2021-03-02 07:23:35,521 [restartedMain] INFO  org.apache.catalina.core.StandardService           - Starting service [Tomcat]
2021-03-02 07:23:35,522 [restartedMain] INFO  org.apache.catalina.core.StandardEngine            - Starting Servlet engine: [Apache Tomcat/9.0.43]
2021-03-02 07:23:36,247 [restartedMain] INFO  o.a.c.c.C.[Tomcat].[localhost].[/]                 - Initializing Spring embedded WebApplicationContext
2021-03-02 07:23:36,248 [restartedMain] INFO  o.s.b.w.s.c.ServletWebServerApplicationContext     - Root WebApplicationContext: initialization completed in 11978 ms
2021-03-02 07:23:36,766 [restartedMain] INFO  com.zaxxer.hikari.HikariDataSource                 - HikariPool-1 - Starting...
2021-03-02 07:23:37,475 [restartedMain] INFO  com.zaxxer.hikari.HikariDataSource                 - HikariPool-1 - Start completed.
2021-03-02 07:23:37,497 [restartedMain] INFO  o.s.b.a.h2.H2ConsoleAutoConfiguration              - H2 console available at '/h2-console'. Database available at 'jdbc:h2:mem:testdb'
2021-03-02 07:23:40,341 [restartedMain] INFO  o.hibernate.jpa.internal.util.LogHelper            - HHH000204: Processing PersistenceUnitInfo [name: default]
2021-03-02 07:23:44,657 [restartedMain] INFO  org.hibernate.Version                              - HHH000412: Hibernate ORM core version 5.4.28.Final
2021-03-02 07:23:50,476 [restartedMain] INFO  org.hibernate.annotations.common.Version           - HCANN000001: Hibernate Commons Annotations {5.1.2.Final}
2021-03-02 07:23:51,548 [restartedMain] INFO  org.hibernate.dialect.Dialect                      - HHH000400: Using dialect: org.hibernate.dialect.H2Dialect
2021-03-02 07:23:54,613 [restartedMain] INFO  o.h.e.t.j.p.i.JtaPlatformInitiator                 - HHH000490: Using JtaPlatform implementation: [org.hibernate.engine.transaction.jta.platform.internal.NoJtaPlatform]
2021-03-02 07:23:54,639 [restartedMain] INFO  o.s.o.j.LocalContainerEntityManagerFactoryBean     - Initialized JPA EntityManagerFactory for persistence unit 'default'
2021-03-02 07:23:54,794 [restartedMain] INFO  o.s.b.d.a.OptionalLiveReloadServer                 - LiveReload server is running on port 35729
2021-03-02 07:23:56,240 [restartedMain] WARN  o.s.b.w.s.c.AnnotationConfigServletWebServerApplicationContext - Exception encountered during context initialization - cancelling refresh attempt: org.springframework.beans.factory.UnsatisfiedDependencyException: Error creating bean with name 'contactRestController' defined in file [H:\STS4\ContactApp\target\classes\com\gigabytes\controller\ContactRestController.class]: Unsatisfied dependency expressed through constructor parameter 1; nested exception is org.springframework.beans.factory.NoSuchBeanDefinitionException: No qualifying bean of type 'com.gigabytes.props.AppProperties' available: expected at least 1 bean which qualifies as autowire candidate. Dependency annotations: {}
2021-03-02 07:23:56,243 [restartedMain] INFO  o.s.o.j.LocalContainerEntityManagerFactoryBean     - Closing JPA EntityManagerFactory for persistence unit 'default'
2021-03-02 07:23:56,245 [restartedMain] INFO  o.h.t.s.i.SchemaDropperImpl$DelayedDropActionImpl  - HHH000477: Starting delayed evictData of schema as part of SessionFactory shut-down'
2021-03-02 07:23:56,587 [restartedMain] WARN  o.s.b.f.support.DisposableBeanAdapter              - Invocation of destroy method failed on bean with name 'inMemoryDatabaseShutdownExecutor': org.h2.jdbc.JdbcSQLNonTransientConnectionException: Database is already closed (to disable automatic closing at VM shutdown, add ";DB_CLOSE_ON_EXIT=FALSE" to the db URL) [90121-200]
2021-03-02 07:23:56,589 [restartedMain] INFO  com.zaxxer.hikari.HikariDataSource                 - HikariPool-1 - Shutdown initiated...
2021-03-02 07:23:56,595 [restartedMain] INFO  com.zaxxer.hikari.HikariDataSource                 - HikariPool-1 - Shutdown completed.
2021-03-02 07:23:56,601 [restartedMain] INFO  org.apache.catalina.core.StandardService           - Stopping service [Tomcat]
2021-03-02 07:23:56,664 [restartedMain] INFO  o.s.b.a.l.ConditionEvaluationReportLoggingListener - 

Error starting ApplicationContext. To display the conditions report re-run your application with 'debug' enabled.
2021-03-02 07:23:56,840 [restartedMain] ERROR o.s.b.d.LoggingFailureAnalysisReporter             - 

***************************
APPLICATION FAILED TO START
***************************

Description:

Parameter 1 of constructor in com.gigabytes.controller.ContactRestController required a bean of type 'com.gigabytes.props.AppProperties' that could not be found.


Action:

Consider defining a bean of type 'com.gigabytes.props.AppProperties' in your configuration.

